[debug] [2020-10-01T15:52:37.437Z] ----------------------------------------------------------------------
[debug] [2020-10-01T15:52:37.441Z] Command:       C:\Program Files\nodejs\node.exe C:\Users\Adewole\AppData\Roaming\npm\node_modules\firebase-tools\lib\bin\firebase.js init
[debug] [2020-10-01T15:52:37.442Z] CLI Version:   8.11.2
[debug] [2020-10-01T15:52:37.442Z] Platform:      win32
[debug] [2020-10-01T15:52:37.443Z] Node Version:  v12.18.3
[debug] [2020-10-01T15:52:37.445Z] Time:          Thu Oct 01 2020 16:52:37 GMT+0100 (West Africa Standard Time)
[debug] [2020-10-01T15:52:37.445Z] ----------------------------------------------------------------------
[debug] [2020-10-01T15:52:37.446Z] 
[debug] [2020-10-01T15:52:37.460Z] > command requires scopes: ["email","openid","https://www.googleapis.com/auth/cloudplatformprojects.readonly","https://www.googleapis.com/auth/firebase","https://www.googleapis.com/auth/cloud-platform"]
[debug] [2020-10-01T15:52:37.461Z] > authorizing via signed-in user
[info] 
     ######## #### ########  ######## ########     ###     ######  ########
     ##        ##  ##     ## ##       ##     ##  ##   ##  ##       ##
     ######    ##  ########  ######   ########  #########  ######  ######
     ##        ##  ##    ##  ##       ##     ## ##     ##       ## ##
     ##       #### ##     ## ######## ########  ##     ##  ######  ########

You're about to initialize a Firebase project in this directory:

  C:\Users\Adewole\.vscode\Projects\ProvidenceInternship\React-Projects\instagram-clone-app

Before we get started, keep in mind:

  * You are initializing in an existing Firebase project directory

